{"/Users/christian/Documents/Repos/GitHub/jest-cypress-coverage/src/main.ts": {"path":"/Users/christian/Documents/Repos/GitHub/jest-cypress-coverage/src/main.ts","statementMap":{"0":{"start":{"line":10,"column":2},"end":{"line":10,"column":null}},"1":{"start":{"line":13,"column":29},"end":{"line":15,"column":null}},"2":{"start":{"line":17,"column":0},"end":{"line":17,"column":null}}},"fnMap":{},"branchMap":{},"s":{"0":0,"1":1,"2":1},"f":{},"b":{}}
,"/Users/christian/Documents/Repos/GitHub/jest-cypress-coverage/src/app/app.component.html": {"path":"/Users/christian/Documents/Repos/GitHub/jest-cypress-coverage/src/app/app.component.html","statementMap":{"0":{"start":{"line":1,"column":0},"end":{"line":1,"column":75}},"1":{"start":{"line":1,"column":70},"end":{"line":1,"column":80}},"2":{"start":{"line":1,"column":75},"end":{"line":1,"column":null}},"3":{"start":{"line":3,"column":0},"end":{"line":3,"column":null}}},"fnMap":{},"branchMap":{},"s":{"0":1,"1":1,"2":1,"3":1},"f":{},"b":{}}
,"/Users/christian/Documents/Repos/GitHub/jest-cypress-coverage/src/app/app.component.ts": {"path":"/Users/christian/Documents/Repos/GitHub/jest-cypress-coverage/src/app/app.component.ts","statementMap":{"0":{"start":{"line":13,"column":25},"end":{"line":13,"column":null}},"1":{"start":{"line":14,"column":2},"end":{"line":14,"column":null}},"2":{"start":{"line":20,"column":4},"end":{"line":20,"column":null}},"3":{"start":{"line":13,"column":13},"end":{"line":13,"column":null}},"4":{"start":{"line":13,"column":13},"end":{"line":9,"column":null}},"5":{"start":{"line":9,"column":43},"end":{"line":13,"column":null}}},"fnMap":{"0":{"name":"(anonymous_0)","decl":{"start":{"line":13,"column":25},"end":{"line":13,"column":null}},"loc":{"start":{"line":13,"column":25},"end":{"line":13,"column":null}}},"1":{"name":"(anonymous_1)","decl":{"start":{"line":19,"column":2},"end":{"line":19,"column":14}},"loc":{"start":{"line":19,"column":46},"end":{"line":21,"column":null}}}},"branchMap":{"0":{"loc":{"start":{"line":13,"column":13},"end":{"line":13,"column":25}},"type":"binary-expr","locations":[{"start":{"line":13,"column":13},"end":{"line":13,"column":25}},{"start":{"line":13,"column":13},"end":{"line":13,"column":25}}]}},"s":{"0":1,"1":1,"2":1,"3":2,"4":1,"5":1},"f":{"0":1,"1":1},"b":{"0":[1,1]}}
,"/Users/christian/Documents/Repos/GitHub/jest-cypress-coverage/src/app/shared/material.module.ts": {"path":"/Users/christian/Documents/Repos/GitHub/jest-cypress-coverage/src/app/shared/material.module.ts","statementMap":{"0":{"start":{"line":9,"column":16},"end":{"line":15,"column":null}},"1":{"start":{"line":24,"column":27},"end":{"line":24,"column":null}},"2":{"start":{"line":24,"column":13},"end":{"line":24,"column":null}},"3":{"start":{"line":24,"column":13},"end":{"line":15,"column":null}},"4":{"start":{"line":15,"column":19},"end":{"line":24,"column":null}}},"fnMap":{"0":{"name":"(anonymous_0)","decl":{"start":{"line":24,"column":27},"end":{"line":24,"column":null}},"loc":{"start":{"line":24,"column":27},"end":{"line":24,"column":null}}}},"branchMap":{"0":{"loc":{"start":{"line":24,"column":13},"end":{"line":24,"column":27}},"type":"binary-expr","locations":[{"start":{"line":24,"column":13},"end":{"line":24,"column":27}},{"start":{"line":24,"column":13},"end":{"line":24,"column":27}}]}},"s":{"0":1,"1":1,"2":3,"3":1,"4":1},"f":{"0":1},"b":{"0":[1,1]}}
,"/Users/christian/Documents/Repos/GitHub/jest-cypress-coverage/src/app/shared/shared.module.ts": {"path":"/Users/christian/Documents/Repos/GitHub/jest-cypress-coverage/src/app/shared/shared.module.ts","statementMap":{"0":{"start":{"line":11,"column":25},"end":{"line":11,"column":null}},"1":{"start":{"line":11,"column":13},"end":{"line":11,"column":null}},"2":{"start":{"line":11,"column":13},"end":{"line":7,"column":null}},"3":{"start":{"line":7,"column":42},"end":{"line":11,"column":null}}},"fnMap":{"0":{"name":"(anonymous_0)","decl":{"start":{"line":11,"column":25},"end":{"line":11,"column":null}},"loc":{"start":{"line":11,"column":25},"end":{"line":11,"column":null}}}},"branchMap":{"0":{"loc":{"start":{"line":11,"column":13},"end":{"line":11,"column":25}},"type":"binary-expr","locations":[{"start":{"line":11,"column":13},"end":{"line":11,"column":25}},{"start":{"line":11,"column":13},"end":{"line":11,"column":25}}]}},"s":{"0":1,"1":3,"2":1,"3":1},"f":{"0":1},"b":{"0":[1,1]}}
,"/Users/christian/Documents/Repos/GitHub/jest-cypress-coverage/src/app/todo-list/todo-list.component.ts": {"path":"/Users/christian/Documents/Repos/GitHub/jest-cypress-coverage/src/app/todo-list/todo-list.component.ts","statementMap":{"0":{"start":{"line":19,"column":6},"end":{"line":26,"column":null}},"1":{"start":{"line":23,"column":8},"end":{"line":23,"column":null}},"2":{"start":{"line":23,"column":8},"end":{"line":23,"column":18}},"3":{"start":{"line":23,"column":8},"end":{"line":23,"column":39}},"4":{"start":{"line":23,"column":39},"end":{"line":23,"column":null}},"5":{"start":{"line":23,"column":39},"end":{"line":24,"column":null}},"6":{"start":{"line":23,"column":39},"end":{"line":25,"column":null}},"7":{"start":{"line":27,"column":6},"end":{"line":27,"column":null}},"8":{"start":{"line":22,"column":8},"end":{"line":22,"column":null}},"9":{"start":{"line":54,"column":30},"end":{"line":54,"column":null}},"10":{"start":{"line":61,"column":22},"end":{"line":61,"column":54}},"11":{"start":{"line":97,"column":2},"end":{"line":99,"column":null}},"12":{"start":{"line":98,"column":4},"end":{"line":98,"column":null}},"13":{"start":{"line":62,"column":4},"end":{"line":62,"column":null}},"14":{"start":{"line":64,"column":4},"end":{"line":66,"column":null}},"15":{"start":{"line":70,"column":4},"end":{"line":70,"column":null}},"16":{"start":{"line":74,"column":4},"end":{"line":74,"column":null}},"17":{"start":{"line":78,"column":4},"end":{"line":78,"column":null}},"18":{"start":{"line":80,"column":4},"end":{"line":82,"column":null}},"19":{"start":{"line":86,"column":21},"end":{"line":89,"column":null}},"20":{"start":{"line":91,"column":4},"end":{"line":91,"column":null}},"21":{"start":{"line":93,"column":4},"end":{"line":93,"column":null}},"22":{"start":{"line":94,"column":4},"end":{"line":94,"column":null}},"23":{"start":{"line":54,"column":13},"end":{"line":54,"column":null}},"24":{"start":{"line":54,"column":13},"end":{"line":16,"column":null}},"25":{"start":{"line":18,"column":4},"end":{"line":18,"column":null}},"26":{"start":{"line":19,"column":6},"end":{"line":27,"column":null}},"27":{"start":{"line":28,"column":4},"end":{"line":28,"column":null}},"28":{"start":{"line":30,"column":4},"end":{"line":30,"column":null}},"29":{"start":{"line":30,"column":34},"end":{"line":30,"column":58}},"30":{"start":{"line":30,"column":34},"end":{"line":30,"column":57}},"31":{"start":{"line":31,"column":6},"end":{"line":31,"column":null}},"32":{"start":{"line":32,"column":19},"end":{"line":32,"column":40}},"33":{"start":{"line":32,"column":28},"end":{"line":32,"column":null}},"34":{"start":{"line":33,"column":8},"end":{"line":33,"column":null}},"35":{"start":{"line":34,"column":6},"end":{"line":34,"column":null}},"36":{"start":{"line":36,"column":6},"end":{"line":41,"column":null}},"37":{"start":{"line":42,"column":8},"end":{"line":43,"column":15}},"38":{"start":{"line":43,"column":6},"end":{"line":43,"column":null}},"39":{"start":{"line":21,"column":29},"end":{"line":21,"column":null}},"40":{"start":{"line":30,"column":10},"end":{"line":30,"column":34}},"41":{"start":{"line":39,"column":8},"end":{"line":39,"column":null}},"42":{"start":{"line":16,"column":78},"end":{"line":54,"column":null}}},"fnMap":{"0":{"name":"TodoListComponent_app_todo_item_1_Template_app_todo_item_delete_0_listener","decl":{"start":{"line":23,"column":8},"end":{"line":23,"column":18}},"loc":{"start":{"line":23,"column":8},"end":{"line":23,"column":39}}},"1":{"name":"TodoListComponent_app_todo_item_1_Template_app_todo_item_edit_0_listener","decl":{"start":{"line":23,"column":39},"end":{"line":23,"column":null}},"loc":{"start":{"line":23,"column":39},"end":{"line":24,"column":null}}},"2":{"name":"(anonymous_4)","decl":{"start":{"line":54,"column":30},"end":{"line":54,"column":null}},"loc":{"start":{"line":54,"column":30},"end":{"line":54,"column":null}}},"3":{"name":"(anonymous_5)","decl":{"start":{"line":61,"column":2},"end":{"line":61,"column":22}},"loc":{"start":{"line":61,"column":54},"end":{"line":67,"column":null}}},"4":{"name":"(anonymous_6)","decl":{"start":{"line":97,"column":48},"end":{"line":97,"column":49}},"loc":{"start":{"line":97,"column":62},"end":{"line":99,"column":3}}},"5":{"name":"(anonymous_7)","decl":{"start":{"line":69,"column":2},"end":{"line":69,"column":14}},"loc":{"start":{"line":69,"column":33},"end":{"line":71,"column":null}}},"6":{"name":"(anonymous_8)","decl":{"start":{"line":73,"column":2},"end":{"line":73,"column":21}},"loc":{"start":{"line":73,"column":40},"end":{"line":75,"column":null}}},"7":{"name":"(anonymous_9)","decl":{"start":{"line":77,"column":2},"end":{"line":77,"column":8}},"loc":{"start":{"line":77,"column":27},"end":{"line":83,"column":null}}},"8":{"name":"(anonymous_10)","decl":{"start":{"line":85,"column":2},"end":{"line":85,"column":12}},"loc":{"start":{"line":85,"column":12},"end":{"line":95,"column":null}}},"9":{"name":"TodoListComponent_Template_form_submit_2_listener","decl":{"start":{"line":30,"column":34},"end":{"line":30,"column":44}},"loc":{"start":{"line":30,"column":34},"end":{"line":30,"column":57}}}},"branchMap":{"0":{"loc":{"start":{"line":54,"column":13},"end":{"line":54,"column":30}},"type":"binary-expr","locations":[{"start":{"line":54,"column":13},"end":{"line":54,"column":30}},{"start":{"line":54,"column":13},"end":{"line":54,"column":30}}]}},"s":{"0":3,"1":3,"2":0,"3":0,"4":0,"5":0,"6":0,"7":3,"8":6,"9":1,"10":1,"11":1,"12":6,"13":1,"14":1,"15":0,"16":0,"17":0,"18":0,"19":0,"20":0,"21":0,"22":0,"23":2,"24":1,"25":1,"26":1,"27":1,"28":1,"29":1,"30":0,"31":1,"32":1,"33":1,"34":1,"35":1,"36":1,"37":1,"38":1,"39":4,"40":4,"41":4,"42":1},"f":{"0":0,"1":0,"2":1,"3":1,"4":6,"5":0,"6":0,"7":0,"8":0,"9":0},"b":{"0":[1,1]}}
,"/Users/christian/Documents/Repos/GitHub/jest-cypress-coverage/src/app/todo-list/todo-list.service.ts": {"path":"/Users/christian/Documents/Repos/GitHub/jest-cypress-coverage/src/app/todo-list/todo-list.service.ts","statementMap":{"0":{"start":{"line":16,"column":28},"end":{"line":16,"column":null}},"1":{"start":{"line":17,"column":2},"end":{"line":17,"column":null}},"2":{"start":{"line":19,"column":2},"end":{"line":19,"column":null}},"3":{"start":{"line":19,"column":29},"end":{"line":19,"column":51}},"4":{"start":{"line":22,"column":24},"end":{"line":23,"column":null}},"5":{"start":{"line":23,"column":16},"end":{"line":23,"column":38}},"6":{"start":{"line":25,"column":4},"end":{"line":25,"column":null}},"7":{"start":{"line":25,"column":34},"end":{"line":25,"column":70}},"8":{"start":{"line":29,"column":4},"end":{"line":48,"column":null}},"9":{"start":{"line":29,"column":34},"end":{"line":48,"column":6}},"10":{"start":{"line":55,"column":30},"end":{"line":60,"column":8}},"11":{"start":{"line":57,"column":10},"end":{"line":57,"column":null}},"12":{"start":{"line":59,"column":8},"end":{"line":59,"column":null}},"13":{"start":{"line":62,"column":6},"end":{"line":65,"column":null}},"14":{"start":{"line":62,"column":36},"end":{"line":65,"column":8}},"15":{"start":{"line":68,"column":26},"end":{"line":71,"column":null}},"16":{"start":{"line":72,"column":6},"end":{"line":75,"column":null}},"17":{"start":{"line":72,"column":36},"end":{"line":75,"column":8}},"18":{"start":{"line":16,"column":13},"end":{"line":16,"column":null}},"19":{"start":{"line":16,"column":13},"end":{"line":14,"column":null}},"20":{"start":{"line":14,"column":20},"end":{"line":16,"column":null}}},"fnMap":{"0":{"name":"(anonymous_0)","decl":{"start":{"line":16,"column":28},"end":{"line":16,"column":null}},"loc":{"start":{"line":16,"column":28},"end":{"line":16,"column":null}}},"1":{"name":"(anonymous_2)","decl":{"start":{"line":19,"column":23},"end":{"line":19,"column":29}},"loc":{"start":{"line":19,"column":29},"end":{"line":19,"column":51}}},"2":{"name":"(anonymous_3)","decl":{"start":{"line":21,"column":2},"end":{"line":21,"column":12}},"loc":{"start":{"line":21,"column":31},"end":{"line":26,"column":null}}},"3":{"name":"(anonymous_4)","decl":{"start":{"line":23,"column":7},"end":{"line":23,"column":11}},"loc":{"start":{"line":23,"column":16},"end":{"line":23,"column":38}}},"4":{"name":"(anonymous_5)","decl":{"start":{"line":25,"column":23},"end":{"line":25,"column":28}},"loc":{"start":{"line":25,"column":34},"end":{"line":25,"column":70}}},"5":{"name":"(anonymous_6)","decl":{"start":{"line":28,"column":2},"end":{"line":28,"column":16}},"loc":{"start":{"line":28,"column":16},"end":{"line":49,"column":null}}},"6":{"name":"(anonymous_7)","decl":{"start":{"line":29,"column":23},"end":{"line":29,"column":28}},"loc":{"start":{"line":29,"column":34},"end":{"line":48,"column":6}}},"7":{"name":"(anonymous_8)","decl":{"start":{"line":51,"column":2},"end":{"line":51,"column":10}},"loc":{"start":{"line":51,"column":35},"end":{"line":77,"column":null}}},"8":{"name":"(anonymous_9)","decl":{"start":{"line":55,"column":58},"end":{"line":55,"column":66}},"loc":{"start":{"line":55,"column":70},"end":{"line":60,"column":7}}},"9":{"name":"(anonymous_10)","decl":{"start":{"line":62,"column":25},"end":{"line":62,"column":30}},"loc":{"start":{"line":62,"column":36},"end":{"line":65,"column":8}}},"10":{"name":"(anonymous_11)","decl":{"start":{"line":72,"column":25},"end":{"line":72,"column":30}},"loc":{"start":{"line":72,"column":36},"end":{"line":75,"column":8}}}},"branchMap":{"0":{"loc":{"start":{"line":16,"column":13},"end":{"line":16,"column":28}},"type":"binary-expr","locations":[{"start":{"line":16,"column":13},"end":{"line":16,"column":28}},{"start":{"line":16,"column":13},"end":{"line":16,"column":28}}]}},"s":{"0":1,"1":1,"2":1,"3":1,"4":0,"5":0,"6":0,"7":0,"8":1,"9":1,"10":0,"11":0,"12":0,"13":0,"14":0,"15":0,"16":0,"17":0,"18":2,"19":1,"20":1},"f":{"0":1,"1":1,"2":0,"3":0,"4":0,"5":1,"6":1,"7":0,"8":0,"9":0,"10":0},"b":{"0":[1,1]}}
,"/Users/christian/Documents/Repos/GitHub/jest-cypress-coverage/src/app/todo-list/todo-item/todo-item.component.ts": {"path":"/Users/christian/Documents/Repos/GitHub/jest-cypress-coverage/src/app/todo-list/todo-item/todo-item.component.ts","statementMap":{"0":{"start":{"line":42,"column":30},"end":{"line":42,"column":null}},"1":{"start":{"line":44,"column":12},"end":{"line":44,"column":null}},"2":{"start":{"line":45,"column":12},"end":{"line":45,"column":null}},"3":{"start":{"line":46,"column":12},"end":{"line":46,"column":null}},"4":{"start":{"line":48,"column":2},"end":{"line":48,"column":null}},"5":{"start":{"line":50,"column":2},"end":{"line":50,"column":null}},"6":{"start":{"line":53,"column":4},"end":{"line":62,"column":null}},"7":{"start":{"line":57,"column":10},"end":{"line":60,"column":null}},"8":{"start":{"line":65,"column":4},"end":{"line":65,"column":null}},"9":{"start":{"line":66,"column":4},"end":{"line":66,"column":null}},"10":{"start":{"line":70,"column":4},"end":{"line":70,"column":null}},"11":{"start":{"line":74,"column":4},"end":{"line":74,"column":null}},"12":{"start":{"line":42,"column":13},"end":{"line":42,"column":null}},"13":{"start":{"line":42,"column":13},"end":{"line":16,"column":null}},"14":{"start":{"line":17,"column":14},"end":{"line":17,"column":null}},"15":{"start":{"line":20,"column":8},"end":{"line":21,"column":12}},"16":{"start":{"line":21,"column":6},"end":{"line":21,"column":null}},"17":{"start":{"line":22,"column":6},"end":{"line":22,"column":null}},"18":{"start":{"line":23,"column":8},"end":{"line":24,"column":null}},"19":{"start":{"line":25,"column":8},"end":{"line":25,"column":null}},"20":{"start":{"line":25,"column":32},"end":{"line":25,"column":53}},"21":{"start":{"line":25,"column":32},"end":{"line":25,"column":52}},"22":{"start":{"line":26,"column":10},"end":{"line":26,"column":null}},"23":{"start":{"line":27,"column":8},"end":{"line":27,"column":null}},"24":{"start":{"line":28,"column":8},"end":{"line":28,"column":null}},"25":{"start":{"line":28,"column":32},"end":{"line":28,"column":51}},"26":{"start":{"line":28,"column":32},"end":{"line":28,"column":50}},"27":{"start":{"line":29,"column":10},"end":{"line":29,"column":null}},"28":{"start":{"line":30,"column":8},"end":{"line":30,"column":null}},"29":{"start":{"line":19,"column":11},"end":{"line":19,"column":null}},"30":{"start":{"line":23,"column":38},"end":{"line":23,"column":null}},"31":{"start":{"line":16,"column":45},"end":{"line":42,"column":null}}},"fnMap":{"0":{"name":"(anonymous_0)","decl":{"start":{"line":42,"column":30},"end":{"line":42,"column":null}},"loc":{"start":{"line":42,"column":30},"end":{"line":42,"column":null}}},"1":{"name":"(anonymous_1)","decl":{"start":{"line":52,"column":2},"end":{"line":52,"column":null}},"loc":{"start":{"line":52,"column":2},"end":{"line":63,"column":null}}},"2":{"name":"(anonymous_2)","decl":{"start":{"line":55,"column":18},"end":{"line":55,"column":29}},"loc":{"start":{"line":55,"column":33},"end":{"line":62,"column":7}}},"3":{"name":"(anonymous_3)","decl":{"start":{"line":64,"column":2},"end":{"line":64,"column":13}},"loc":{"start":{"line":64,"column":13},"end":{"line":67,"column":null}}},"4":{"name":"(anonymous_4)","decl":{"start":{"line":69,"column":2},"end":{"line":69,"column":10}},"loc":{"start":{"line":69,"column":10},"end":{"line":71,"column":null}}},"5":{"name":"(anonymous_5)","decl":{"start":{"line":73,"column":2},"end":{"line":73,"column":8}},"loc":{"start":{"line":73,"column":8},"end":{"line":75,"column":null}}},"6":{"name":"TodoItemComponent_Template_button_click_6_listener","decl":{"start":{"line":25,"column":32},"end":{"line":25,"column":41}},"loc":{"start":{"line":25,"column":32},"end":{"line":25,"column":52}}},"7":{"name":"TodoItemComponent_Template_button_click_8_listener","decl":{"start":{"line":28,"column":32},"end":{"line":28,"column":41}},"loc":{"start":{"line":28,"column":32},"end":{"line":28,"column":50}}}},"branchMap":{"0":{"loc":{"start":{"line":42,"column":13},"end":{"line":42,"column":30}},"type":"binary-expr","locations":[{"start":{"line":42,"column":13},"end":{"line":42,"column":30}},{"start":{"line":42,"column":13},"end":{"line":42,"column":30}}]},"1":{"loc":{"start":{"line":19,"column":11},"end":{"line":19,"column":55}},"type":"cond-expr","locations":[{"start":{"line":19,"column":11},"end":{"line":19,"column":55}},{"start":{"line":19,"column":11},"end":{"line":19,"column":55}}]},"2":{"loc":{"start":{"line":20,"column":8},"end":{"line":20,"column":null}},"type":"cond-expr","locations":[{"start":{"line":20,"column":8},"end":{"line":20,"column":null}},{"start":{"line":20,"column":8},"end":{"line":20,"column":null}}]}},"s":{"0":1,"1":3,"2":3,"3":3,"4":3,"5":3,"6":3,"7":0,"8":0,"9":0,"10":0,"11":0,"12":4,"13":1,"14":3,"15":15,"16":3,"17":3,"18":3,"19":3,"20":3,"21":0,"22":3,"23":3,"24":3,"25":3,"26":0,"27":3,"28":3,"29":12,"30":12,"31":1},"f":{"0":1,"1":3,"2":0,"3":0,"4":0,"5":0,"6":0,"7":0},"b":{"0":[3,3],"1":[0,6],"2":[0,6]}}
,"/Users/christian/Documents/Repos/GitHub/jest-cypress-coverage/src/environments/environment.ts": {"path":"/Users/christian/Documents/Repos/GitHub/jest-cypress-coverage/src/environments/environment.ts","statementMap":{"0":{"start":{"line":5,"column":27},"end":{"line":7,"column":null}}},"fnMap":{},"branchMap":{},"s":{"0":1},"f":{},"b":{}}
}
