{"total": {"lines":{"total":85,"covered":62,"skipped":0,"pct":72.94},"statements":{"total":119,"covered":85,"skipped":0,"pct":71.42},"functions":{"total":33,"covered":13,"skipped":0,"pct":39.39},"branches":{"total":16,"covered":14,"skipped":0,"pct":87.5},"branchesTrue":{"total":0,"covered":0,"skipped":0,"pct":100}}
,"/Users/christian/Documents/Repos/GitHub/jest-cypress-coverage/src/main.ts": {"lines":{"total":3,"covered":2,"skipped":0,"pct":66.66},"functions":{"total":0,"covered":0,"skipped":0,"pct":100},"statements":{"total":3,"covered":2,"skipped":0,"pct":66.66},"branches":{"total":0,"covered":0,"skipped":0,"pct":100}}
,"/Users/christian/Documents/Repos/GitHub/jest-cypress-coverage/src/app/app.component.html": {"lines":{"total":2,"covered":2,"skipped":0,"pct":100},"functions":{"total":0,"covered":0,"skipped":0,"pct":100},"statements":{"total":4,"covered":4,"skipped":0,"pct":100},"branches":{"total":0,"covered":0,"skipped":0,"pct":100}}
,"/Users/christian/Documents/Repos/GitHub/jest-cypress-coverage/src/app/app.component.ts": {"lines":{"total":4,"covered":4,"skipped":0,"pct":100},"functions":{"total":2,"covered":2,"skipped":0,"pct":100},"statements":{"total":6,"covered":6,"skipped":0,"pct":100},"branches":{"total":2,"covered":2,"skipped":0,"pct":100}}
,"/Users/christian/Documents/Repos/GitHub/jest-cypress-coverage/src/app/shared/material.module.ts": {"lines":{"total":3,"covered":3,"skipped":0,"pct":100},"functions":{"total":1,"covered":1,"skipped":0,"pct":100},"statements":{"total":5,"covered":5,"skipped":0,"pct":100},"branches":{"total":2,"covered":2,"skipped":0,"pct":100}}
,"/Users/christian/Documents/Repos/GitHub/jest-cypress-coverage/src/app/shared/shared.module.ts": {"lines":{"total":2,"covered":2,"skipped":0,"pct":100},"functions":{"total":1,"covered":1,"skipped":0,"pct":100},"statements":{"total":4,"covered":4,"skipped":0,"pct":100},"branches":{"total":2,"covered":2,"skipped":0,"pct":100}}
,"/Users/christian/Documents/Repos/GitHub/jest-cypress-coverage/src/app/todo-list/todo-list.component.ts": {"lines":{"total":31,"covered":23,"skipped":0,"pct":74.19},"functions":{"total":10,"covered":3,"skipped":0,"pct":30},"statements":{"total":43,"covered":29,"skipped":0,"pct":67.44},"branches":{"total":2,"covered":2,"skipped":0,"pct":100}}
,"/Users/christian/Documents/Repos/GitHub/jest-cypress-coverage/src/app/todo-list/todo-list.service.ts": {"lines":{"total":14,"covered":5,"skipped":0,"pct":35.71},"functions":{"total":11,"covered":4,"skipped":0,"pct":36.36},"statements":{"total":21,"covered":9,"skipped":0,"pct":42.85},"branches":{"total":2,"covered":2,"skipped":0,"pct":100}}
,"/Users/christian/Documents/Repos/GitHub/jest-cypress-coverage/src/app/todo-list/todo-item/todo-item.component.ts": {"lines":{"total":25,"covered":20,"skipped":0,"pct":80},"functions":{"total":8,"covered":2,"skipped":0,"pct":25},"statements":{"total":32,"covered":25,"skipped":0,"pct":78.12},"branches":{"total":6,"covered":4,"skipped":0,"pct":66.66}}
,"/Users/christian/Documents/Repos/GitHub/jest-cypress-coverage/src/environments/environment.ts": {"lines":{"total":1,"covered":1,"skipped":0,"pct":100},"functions":{"total":0,"covered":0,"skipped":0,"pct":100},"statements":{"total":1,"covered":1,"skipped":0,"pct":100},"branches":{"total":0,"covered":0,"skipped":0,"pct":100}}
}
