TN:
SF:../src/main.ts
FNF:0
FNH:0
DA:10,0
DA:13,1
DA:17,1
LF:3
LH:2
BRF:0
BRH:0
end_of_record
TN:
SF:../src/app/app.component.html
FNF:0
FNH:0
DA:1,1
DA:3,1
LF:2
LH:2
BRF:0
BRH:0
end_of_record
TN:
SF:../src/app/app.component.ts
FN:13,(anonymous_0)
FN:19,(anonymous_1)
FNF:2
FNH:2
FNDA:1,(anonymous_0)
FNDA:1,(anonymous_1)
DA:9,1
DA:13,2
DA:14,1
DA:20,1
LF:4
LH:4
BRDA:13,0,0,1
BRDA:13,0,1,1
BRF:2
BRH:2
end_of_record
TN:
SF:../src/app/shared/material.module.ts
FN:24,(anonymous_0)
FNF:1
FNH:1
FNDA:1,(anonymous_0)
DA:9,1
DA:15,1
DA:24,3
LF:3
LH:3
BRDA:24,0,0,1
BRDA:24,0,1,1
BRF:2
BRH:2
end_of_record
TN:
SF:../src/app/shared/shared.module.ts
FN:11,(anonymous_0)
FNF:1
FNH:1
FNDA:1,(anonymous_0)
DA:7,1
DA:11,3
LF:2
LH:2
BRDA:11,0,0,1
BRDA:11,0,1,1
BRF:2
BRH:2
end_of_record
TN:
SF:../src/app/todo-list/todo-list.component.ts
FN:23,TodoListComponent_app_todo_item_1_Template_app_todo_item_delete_0_listener
FN:23,TodoListComponent_app_todo_item_1_Template_app_todo_item_edit_0_listener
FN:54,(anonymous_4)
FN:61,(anonymous_5)
FN:97,(anonymous_6)
FN:69,(anonymous_7)
FN:73,(anonymous_8)
FN:77,(anonymous_9)
FN:85,(anonymous_10)
FN:30,TodoListComponent_Template_form_submit_2_listener
FNF:10
FNH:3
FNDA:0,TodoListComponent_app_todo_item_1_Template_app_todo_item_delete_0_listener
FNDA:0,TodoListComponent_app_todo_item_1_Template_app_todo_item_edit_0_listener
FNDA:1,(anonymous_4)
FNDA:1,(anonymous_5)
FNDA:6,(anonymous_6)
FNDA:0,(anonymous_7)
FNDA:0,(anonymous_8)
FNDA:0,(anonymous_9)
FNDA:0,(anonymous_10)
FNDA:0,TodoListComponent_Template_form_submit_2_listener
DA:16,1
DA:18,1
DA:19,3
DA:21,4
DA:22,6
DA:23,3
DA:27,3
DA:28,1
DA:30,4
DA:31,1
DA:32,1
DA:33,1
DA:34,1
DA:36,1
DA:39,4
DA:42,1
DA:43,1
DA:54,2
DA:61,1
DA:62,1
DA:64,1
DA:70,0
DA:74,0
DA:78,0
DA:80,0
DA:86,0
DA:91,0
DA:93,0
DA:94,0
DA:97,1
DA:98,6
LF:31
LH:23
BRDA:54,0,0,1
BRDA:54,0,1,1
BRF:2
BRH:2
end_of_record
TN:
SF:../src/app/todo-list/todo-list.service.ts
FN:16,(anonymous_0)
FN:19,(anonymous_2)
FN:21,(anonymous_3)
FN:23,(anonymous_4)
FN:25,(anonymous_5)
FN:28,(anonymous_6)
FN:29,(anonymous_7)
FN:51,(anonymous_8)
FN:55,(anonymous_9)
FN:62,(anonymous_10)
FN:72,(anonymous_11)
FNF:11
FNH:4
FNDA:1,(anonymous_0)
FNDA:1,(anonymous_2)
FNDA:0,(anonymous_3)
FNDA:0,(anonymous_4)
FNDA:0,(anonymous_5)
FNDA:1,(anonymous_6)
FNDA:1,(anonymous_7)
FNDA:0,(anonymous_8)
FNDA:0,(anonymous_9)
FNDA:0,(anonymous_10)
FNDA:0,(anonymous_11)
DA:14,1
DA:16,2
DA:17,1
DA:19,1
DA:22,0
DA:23,0
DA:25,0
DA:29,1
DA:55,0
DA:57,0
DA:59,0
DA:62,0
DA:68,0
DA:72,0
LF:14
LH:5
BRDA:16,0,0,1
BRDA:16,0,1,1
BRF:2
BRH:2
end_of_record
TN:
SF:../src/app/todo-list/todo-item/todo-item.component.ts
FN:42,(anonymous_0)
FN:52,(anonymous_1)
FN:55,(anonymous_2)
FN:64,(anonymous_3)
FN:69,(anonymous_4)
FN:73,(anonymous_5)
FN:25,TodoItemComponent_Template_button_click_6_listener
FN:28,TodoItemComponent_Template_button_click_8_listener
FNF:8
FNH:2
FNDA:1,(anonymous_0)
FNDA:3,(anonymous_1)
FNDA:0,(anonymous_2)
FNDA:0,(anonymous_3)
FNDA:0,(anonymous_4)
FNDA:0,(anonymous_5)
FNDA:0,TodoItemComponent_Template_button_click_6_listener
FNDA:0,TodoItemComponent_Template_button_click_8_listener
DA:16,1
DA:17,3
DA:19,12
DA:20,15
DA:21,3
DA:22,3
DA:23,12
DA:25,3
DA:26,3
DA:27,3
DA:28,3
DA:29,3
DA:30,3
DA:42,4
DA:44,3
DA:45,3
DA:46,3
DA:48,3
DA:50,3
DA:53,3
DA:57,0
DA:65,0
DA:66,0
DA:70,0
DA:74,0
LF:25
LH:20
BRDA:42,0,0,3
BRDA:42,0,1,3
BRDA:19,1,0,0
BRDA:19,1,1,6
BRDA:20,2,0,0
BRDA:20,2,1,6
BRF:6
BRH:4
end_of_record
TN:
SF:../src/environments/environment.ts
FNF:0
FNH:0
DA:5,1
LF:1
LH:1
BRF:0
BRH:0
end_of_record
